
**** Build of configuration Debug for project Blink_LED ****

C:\ti\ccsv5\utils\bin\gmake -k all 
'Building file: ../main.c'
'Invoking: MSP430 Compiler'
"C:/ti/ccsv5/tools/compiler/msp430_4.1.1/bin/cl430" -vmsp --abi=eabi -g --include_path="C:/ti/ccsv5/ccs_base/msp430/include" --include_path="C:/ti/ccsv5/tools/compiler/msp430_4.1.1/include" --advice:power=all --define=__MSP430G2231__ --diag_warning=225 --display_error_number --printf_support=minimal --preproc_with_compile --preproc_dependency="main.pp"  "../main.c"
"../main.c", line 60: remark #1540-D: (ULP 11.2) Assignment of higher bits (constants) to variable "P1OUT" within a loop. Recommend using lower 4 bits to allow use of constant generators
"../main.c", line 68: remark #1544-D: (ULP 13.1) Detected loop counting up. Recommend loops count down as detecting zeros is easier
"../main.c", line 68: remark #1527-D: (ULP 2.1) Detected SW delay loop using empty loop. Recommend using a timer module instead
'Finished building: ../main.c'
' '
'Building target: Blink_LED.out'
'Invoking: MSP430 Linker'
"C:/ti/ccsv5/tools/compiler/msp430_4.1.1/bin/cl430" -vmsp --abi=eabi -g --advice:power=all --define=__MSP430G2231__ --diag_warning=225 --display_error_number --printf_support=minimal -z --stack_size=50 -m"Blink_LED.map" --heap_size=0 -i"C:/ti/ccsv5/ccs_base/msp430/include" -i"C:/ti/ccsv5/tools/compiler/msp430_4.1.1/lib" -i"C:/ti/ccsv5/tools/compiler/msp430_4.1.1/include" --reread_libs --warn_sections --display_error_number --rom_model -o "Blink_LED.out"  "./main.obj" "./Transistor_test.obj" "./External_LED.obj" -l"libc.a" "../lnk_msp430g2231.cmd" 
<Linking>
remark #10371-D: (ULP 1.1) Detected no uses of low power mode state changes
   using LPMx or _bis_SR_register() or __low_power_mode_x() in this project.
remark #10372-D: (ULP 4.1) Detected uninitialized Port 2 in this project.
   Recommend initializing all unused ports to eliminate wasted current
   consumption on unused pins.
remark #10372-D: (ULP 4.1) Detected uninitialized Port 3 in this project.
   Recommend initializing all unused ports to eliminate wasted current
   consumption on unused pins.
"../lnk_msp430g2231.cmd", line 80: warning #10374-D: Interrupt vector "PORT2"
   does not have an interrupt handler routine.
"../lnk_msp430g2231.cmd", line 81: warning #10374-D: Interrupt vector "USI"
   does not have an interrupt handler routine.
"../lnk_msp430g2231.cmd", line 82: warning #10374-D: Interrupt vector "ADC10"
   does not have an interrupt handler routine.
"../lnk_msp430g2231.cmd", line 85: warning #10374-D: Interrupt vector "TIMERA1"
   does not have an interrupt handler routine.
"../lnk_msp430g2231.cmd", line 86: warning #10374-D: Interrupt vector "TIMERA0"
   does not have an interrupt handler routine.
"../lnk_msp430g2231.cmd", line 87: warning #10374-D: Interrupt vector "WDT"
   does not have an interrupt handler routine.
"../lnk_msp430g2231.cmd", line 91: warning #10374-D: Interrupt vector "NMI"
   does not have an interrupt handler routine.
'Finished building target: Blink_LED.out'
' '

**** Build Finished ****
