
**** Build of configuration Debug for project UART ****

C:\ti\ccsv5\utils\bin\gmake -k all 
'Building file: ../UARTtranseiver.c'
'Invoking: MSP430 Compiler'
"C:/ti/ccsv5/tools/compiler/msp430_4.1.1/bin/cl430" -vmsp --abi=eabi -g --include_path="C:/ti/ccsv5/ccs_base/msp430/include" --include_path="C:/ti/ccsv5/tools/compiler/msp430_4.1.1/include" --advice:power=all --define=__MSP430G2231__ --diag_warning=225 --display_error_number --diag_wrap=off --printf_support=minimal --preproc_with_compile --preproc_dependency="UARTtranseiver.pp"  "../UARTtranseiver.c"
"C:/ti/ccsv5/ccs_base/msp430/include/calibrations.h", line 2: warning #1-D: last line of file ends without a newline
"../UARTtranseiver.c", line 48: remark #1527-D: (ULP 2.1) Detected SW delay loop using __delay_cycles. Recommend using a timer module instead
"../UARTtranseiver.c", line 92: remark #1544-D: (ULP 13.1) Detected loop counting up. Recommend loops count down as detecting zeros is easier
"../UARTtranseiver.c", line 94: remark #1527-D: (ULP 2.1) Detected SW delay loop using __delay_cycles. Recommend using a timer module instead
"../UARTtranseiver.c", line 96: remark #1544-D: (ULP 13.1) Detected loop counting up. Recommend loops count down as detecting zeros is easier
"../UARTtranseiver.c", line 97: remark #1527-D: (ULP 2.1) Detected SW delay loop using __delay_cycles. Recommend using a timer module instead
"../UARTtranseiver.c", line 122: remark #1527-D: (ULP 2.1) Detected SW delay loop using empty loop. Recommend using a timer module instead
"../UARTtranseiver.c", line 129: remark #1527-D: (ULP 2.1) Detected SW delay loop using __delay_cycles. Recommend using a timer module instead
"../UARTtranseiver.c", line 134: remark #1544-D: (ULP 13.1) Detected loop counting up. Recommend loops count down as detecting zeros is easier
"../UARTtranseiver.c", line 135: remark #1545-D: (ULP 14.1) Array index using signed "int". Recommend using unsigned "unsigned int"
'Finished building: ../UARTtranseiver.c'
' '
'Building file: ../main.c'
'Invoking: MSP430 Compiler'
"C:/ti/ccsv5/tools/compiler/msp430_4.1.1/bin/cl430" -vmsp --abi=eabi -g --include_path="C:/ti/ccsv5/ccs_base/msp430/include" --include_path="C:/ti/ccsv5/tools/compiler/msp430_4.1.1/include" --advice:power=all --define=__MSP430G2231__ --diag_warning=225 --display_error_number --diag_wrap=off --printf_support=minimal --preproc_with_compile --preproc_dependency="main.pp"  "../main.c"
'Finished building: ../main.c'
' '
'Building target: UART.out'
'Invoking: MSP430 Linker'
"C:/ti/ccsv5/tools/compiler/msp430_4.1.1/bin/cl430" -vmsp --abi=eabi -g --advice:power=all --define=__MSP430G2231__ --diag_warning=225 --display_error_number --diag_wrap=off --printf_support=minimal -z --stack_size=50 -m"UART.map" --heap_size=0 -i"C:/ti/ccsv5/ccs_base/msp430/include" -i"C:/ti/ccsv5/tools/compiler/msp430_4.1.1/lib" -i"C:/ti/ccsv5/tools/compiler/msp430_4.1.1/include" --reread_libs --warn_sections --display_error_number --diag_wrap=off --rom_model -o "UART.out"  "./main.obj" "./UARTtranseiver.obj" -l"libc.a" "../lnk_msp430g2231.cmd" 
<Linking>
remark #10372-D: (ULP 4.1) Detected uninitialized Port 2 in this project. Recommend initializing all unused ports to eliminate wasted current consumption on unused pins.
"../lnk_msp430g2231.cmd", line 80: warning #10374-D: Interrupt vector "PORT2" does not have an interrupt handler routine.
"../lnk_msp430g2231.cmd", line 81: warning #10374-D: Interrupt vector "USI" does not have an interrupt handler routine.
"../lnk_msp430g2231.cmd", line 82: warning #10374-D: Interrupt vector "ADC10" does not have an interrupt handler routine.
"../lnk_msp430g2231.cmd", line 87: warning #10374-D: Interrupt vector "WDT" does not have an interrupt handler routine.
"../lnk_msp430g2231.cmd", line 91: warning #10374-D: Interrupt vector "NMI" does not have an interrupt handler routine.
'Finished building target: UART.out'
' '

**** Build Finished ****
